2021-12-14 20:35:31,034:INFO:PyCaret Supervised Module
2021-12-14 20:35:31,052:INFO:ML Usecase: classification
2021-12-14 20:35:31,053:INFO:version 2.3.5
2021-12-14 20:35:31,053:INFO:Initializing setup()
2021-12-14 20:35:31,053:INFO:setup(target=injured_in_26_week, ml_usecase=classification, available_plots={'parameter': 'Hyperparameters', 'auc': 'AUC', 'confusion_matrix': 'Confusion Matrix', 'threshold': 'Threshold', 'pr': 'Precision Recall', 'error': 'Prediction Error', 'class_report': 'Class Report', 'rfe': 'Feature Selection', 'learning': 'Learning Curve', 'manifold': 'Manifold Learning', 'calibration': 'Calibration Curve', 'vc': 'Validation Curve', 'dimension': 'Dimensions', 'feature': 'Feature Importance', 'feature_all': 'Feature Importance (All)', 'boundary': 'Decision Boundary', 'lift': 'Lift Chart', 'gain': 'Gain Chart', 'tree': 'Decision Tree', 'ks': 'KS Statistic Plot'}, train_size=0.7, test_data=None, preprocess=True, imputation_type=simple, iterative_imputation_iters=5, categorical_features=None, categorical_imputation=constant, categorical_iterative_imputer=lightgbm, ordinal_features=None, high_cardinality_features=None, high_cardinality_method=frequency, numeric_features=None, numeric_imputation=mean, numeric_iterative_imputer=lightgbm, date_features=None, ignore_features=None, normalize=False, normalize_method=zscore, transformation=False, transformation_method=yeo-johnson, handle_unknown_categorical=True, unknown_categorical_method=least_frequent, pca=False, pca_method=linear, pca_components=None, ignore_low_variance=False, combine_rare_levels=False, rare_level_threshold=0.1, bin_numeric_features=None, remove_outliers=False, outliers_threshold=0.05, remove_multicollinearity=False, multicollinearity_threshold=0.9, remove_perfect_collinearity=True, create_clusters=False, cluster_iter=20, polynomial_features=False, polynomial_degree=2, trigonometry_features=False, polynomial_threshold=0.1, group_features=None, group_names=None, feature_selection=False, feature_selection_threshold=0.8, feature_selection_method=classic, feature_interaction=False, feature_ratio=False, interaction_threshold=0.01, fix_imbalance=False, fix_imbalance_method=None, transform_target=False, transform_target_method=box-cox, data_split_shuffle=True, data_split_stratify=False, fold_strategy=stratifiedkfold, fold=10, fold_shuffle=False, fold_groups=None, n_jobs=-1, use_gpu=False, custom_pipeline=None, html=True, session_id=None, log_experiment=False, experiment_name=None, log_plots=False, log_profile=False, log_data=False, silent=False, verbose=True, profile=False, profile_kwargs=None, display=None)
2021-12-14 20:35:31,054:INFO:Checking environment
2021-12-14 20:35:31,054:INFO:python_version: 3.8.8
2021-12-14 20:35:31,055:INFO:python_build: ('default', 'Apr 13 2021 12:59:45')
2021-12-14 20:35:31,056:INFO:machine: x86_64
2021-12-14 20:35:31,192:INFO:platform: macOS-10.16-x86_64-i386-64bit
2021-12-14 20:35:31,197:INFO:Memory: svmem(total=8589934592, available=1906245632, percent=77.8, used=5502857216, free=17395712, active=1893195776, inactive=1884590080, wired=3609661440)
2021-12-14 20:35:31,198:INFO:Physical Core: 4
2021-12-14 20:35:31,198:INFO:Logical Core: 8
2021-12-14 20:35:31,198:INFO:Checking libraries
2021-12-14 20:35:31,199:INFO:pd==1.2.4
2021-12-14 20:35:31,199:INFO:numpy==1.19.5
2021-12-14 20:35:31,200:INFO:sklearn==0.23.2
2021-12-14 20:35:31,209:INFO:lightgbm==3.3.1
2021-12-14 20:35:31,219:WARNING:catboost not found
2021-12-14 20:35:31,220:WARNING:xgboost not found
2021-12-14 20:35:32,273:INFO:mlflow==1.22.0
2021-12-14 20:35:32,274:INFO:Checking Exceptions
2021-12-14 20:35:32,276:INFO:Declaring global variables
2021-12-14 20:35:32,277:INFO:USI: b0e0
2021-12-14 20:35:32,277:INFO:pycaret_globals: {'prep_pipe', 'fix_imbalance_param', 'html_param', 'exp_name_log', 'y_train', '_available_plots', 'fold_generator', 'transform_target_param', 'target_param', 'stratify_param', 'X_test', 'n_jobs_param', 'X', 'log_plots_param', '_all_models', 'seed', 'master_model_container', 'display_container', 'X_train', 'logging_param', 'gpu_param', 'data_before_preprocess', '_all_models_internal', 'experiment__', 'pycaret_globals', 'imputation_regressor', 'fold_shuffle_param', 'fix_imbalance_method_param', '_internal_pipeline', 'USI', '_ml_usecase', 'y', 'fold_groups_param_full', 'y_test', 'fold_groups_param', 'iterative_imputation_iters_param', 'imputation_classifier', 'create_model_container', '_gpu_n_jobs_param', 'fold_param', 'transform_target_method_param', '_all_metrics'}
2021-12-14 20:35:32,277:INFO:Preparing display monitor
2021-12-14 20:35:32,277:INFO:Preparing display monitor
2021-12-14 20:35:32,336:INFO:Importing libraries
2021-12-14 20:35:32,337:INFO:Copying data for preprocessing
2021-12-14 20:45:20,445:INFO:PyCaret Supervised Module
2021-12-14 20:45:20,448:INFO:ML Usecase: classification
2021-12-14 20:45:20,449:INFO:version 2.3.5
2021-12-14 20:45:20,449:INFO:Initializing setup()
2021-12-14 20:45:20,449:INFO:setup(target=injured_in_26_week, ml_usecase=classification, available_plots={'parameter': 'Hyperparameters', 'auc': 'AUC', 'confusion_matrix': 'Confusion Matrix', 'threshold': 'Threshold', 'pr': 'Precision Recall', 'error': 'Prediction Error', 'class_report': 'Class Report', 'rfe': 'Feature Selection', 'learning': 'Learning Curve', 'manifold': 'Manifold Learning', 'calibration': 'Calibration Curve', 'vc': 'Validation Curve', 'dimension': 'Dimensions', 'feature': 'Feature Importance', 'feature_all': 'Feature Importance (All)', 'boundary': 'Decision Boundary', 'lift': 'Lift Chart', 'gain': 'Gain Chart', 'tree': 'Decision Tree', 'ks': 'KS Statistic Plot'}, train_size=0.7, test_data=None, preprocess=True, imputation_type=simple, iterative_imputation_iters=5, categorical_features=None, categorical_imputation=constant, categorical_iterative_imputer=lightgbm, ordinal_features=None, high_cardinality_features=None, high_cardinality_method=frequency, numeric_features=None, numeric_imputation=mean, numeric_iterative_imputer=lightgbm, date_features=None, ignore_features=None, normalize=False, normalize_method=zscore, transformation=False, transformation_method=yeo-johnson, handle_unknown_categorical=True, unknown_categorical_method=least_frequent, pca=False, pca_method=linear, pca_components=None, ignore_low_variance=False, combine_rare_levels=False, rare_level_threshold=0.1, bin_numeric_features=None, remove_outliers=False, outliers_threshold=0.05, remove_multicollinearity=False, multicollinearity_threshold=0.9, remove_perfect_collinearity=True, create_clusters=False, cluster_iter=20, polynomial_features=False, polynomial_degree=2, trigonometry_features=False, polynomial_threshold=0.1, group_features=None, group_names=None, feature_selection=True, feature_selection_threshold=0.8, feature_selection_method=classic, feature_interaction=False, feature_ratio=False, interaction_threshold=0.01, fix_imbalance=True, fix_imbalance_method=None, transform_target=False, transform_target_method=box-cox, data_split_shuffle=True, data_split_stratify=False, fold_strategy=stratifiedkfold, fold=10, fold_shuffle=False, fold_groups=None, n_jobs=-1, use_gpu=False, custom_pipeline=None, html=True, session_id=None, log_experiment=False, experiment_name=None, log_plots=False, log_profile=False, log_data=False, silent=False, verbose=True, profile=False, profile_kwargs=None, display=None)
2021-12-14 20:45:20,451:INFO:Checking environment
2021-12-14 20:45:20,452:INFO:python_version: 3.8.8
2021-12-14 20:45:20,453:INFO:python_build: ('default', 'Apr 13 2021 12:59:45')
2021-12-14 20:45:20,454:INFO:machine: x86_64
2021-12-14 20:45:20,455:INFO:platform: macOS-10.16-x86_64-i386-64bit
2021-12-14 20:45:20,459:INFO:Memory: svmem(total=8589934592, available=2019508224, percent=76.5, used=5516787712, free=20148224, active=2002907136, inactive=1996935168, wired=3513880576)
2021-12-14 20:45:20,459:INFO:Physical Core: 4
2021-12-14 20:45:20,460:INFO:Logical Core: 8
2021-12-14 20:45:20,460:INFO:Checking libraries
2021-12-14 20:45:20,460:INFO:pd==1.2.4
2021-12-14 20:45:20,460:INFO:numpy==1.19.5
2021-12-14 20:45:20,460:INFO:sklearn==0.23.2
2021-12-14 20:45:20,462:INFO:lightgbm==3.3.1
2021-12-14 20:45:20,467:WARNING:catboost not found
2021-12-14 20:45:20,468:WARNING:xgboost not found
2021-12-14 20:45:20,468:INFO:mlflow==1.22.0
2021-12-14 20:45:20,468:INFO:Checking Exceptions
2021-12-14 20:45:20,470:INFO:Declaring global variables
2021-12-14 20:45:20,470:INFO:USI: 75b7
2021-12-14 20:45:20,471:INFO:pycaret_globals: {'prep_pipe', 'fix_imbalance_param', 'html_param', 'exp_name_log', 'y_train', '_available_plots', 'fold_generator', 'transform_target_param', 'target_param', 'stratify_param', 'X_test', 'n_jobs_param', 'X', 'log_plots_param', '_all_models', 'seed', 'master_model_container', 'display_container', 'X_train', 'logging_param', 'gpu_param', 'data_before_preprocess', '_all_models_internal', 'experiment__', 'pycaret_globals', 'imputation_regressor', 'fold_shuffle_param', 'fix_imbalance_method_param', '_internal_pipeline', 'USI', '_ml_usecase', 'y', 'fold_groups_param_full', 'y_test', 'fold_groups_param', 'iterative_imputation_iters_param', 'imputation_classifier', 'create_model_container', '_gpu_n_jobs_param', 'fold_param', 'transform_target_method_param', '_all_metrics'}
2021-12-14 20:45:20,471:INFO:Preparing display monitor
2021-12-14 20:45:20,472:INFO:Preparing display monitor
2021-12-14 20:45:20,513:INFO:Importing libraries
2021-12-14 20:45:20,514:INFO:Copying data for preprocessing
2021-12-14 20:45:23,101:INFO:Declaring preprocessing parameters
2021-12-14 20:45:27,602:INFO:Creating preprocessing pipeline
2021-12-14 20:45:40,110:INFO:Preprocessing pipeline created successfully
2021-12-14 20:45:40,112:ERROR:(Process Exit): setup has been interupted with user command 'quit'. setup must rerun.
2021-12-14 20:45:40,113:INFO:Creating global containers
2021-12-14 20:45:40,147:INFO:Internal pipeline: Pipeline(memory=None,
         steps=[('fix_imbalance',
                 SMOTE(k_neighbors=5, n_jobs=None, random_state=8761,
                       sampling_strategy='auto'))],
         verbose=False)
2021-12-14 20:50:18,118:WARNING:Couldn't import xgboost.XGBClassifier
2021-12-14 20:50:18,124:WARNING:Couldn't import catboost.CatBoostClassifier
2021-12-14 20:50:18,243:WARNING:Couldn't import xgboost.XGBClassifier
2021-12-14 20:50:18,244:WARNING:Couldn't import catboost.CatBoostClassifier
2021-12-14 20:50:18,255:INFO:Creating grid variables
2021-12-14 20:50:19,484:INFO:create_model_container: 0
2021-12-14 20:50:19,484:INFO:master_model_container: 0
2021-12-14 20:50:19,484:INFO:display_container: 1
2021-12-14 20:50:19,506:INFO:Pipeline(memory=None,
         steps=[('dtypes',
                 DataTypes_Auto_infer(categorical_features=[],
                                      display_types=True, features_todrop=[],
                                      id_columns=[],
                                      ml_usecase='classification',
                                      numerical_features=[],
                                      target='injured_in_26_week',
                                      time_features=[])),
                ('imputer',
                 Simple_Imputer(categorical_strategy='not_available',
                                fill_value_categorical=None,
                                fill_value_numerical=None,
                                n...
                ('fix_perfect', Remove_100(target='injured_in_26_week')),
                ('clean_names', Clean_Colum_Names()),
                ('feature_select',
                 Advanced_Feature_Selection_Classic(ml_usecase='classification',
                                                    n_jobs=-1,
                                                    random_state=8761,
                                                    subclass='binary',
                                                    target='injured_in_26_week',
                                                    top_features_to_pick=0.19999999999999996)),
                ('fix_multi', 'passthrough'), ('dfs', 'passthrough'),
                ('pca', 'passthrough')],
         verbose=False)
2021-12-14 20:50:19,507:INFO:setup() succesfully completed......................................
2021-12-14 20:51:20,170:INFO:Initializing set_config()
2021-12-14 20:51:20,172:INFO:set_config(variable=X_train, value=         Height  Weight  defender  attacker  midfielder  goalkeeper  \
1         184.0    80.0         0         0           1           0   
2         184.0    80.0         0         0           1           0   
3         184.0    80.0         0         0           1           0   
4         184.0    80.0         0         0           1           0   
5         184.0    80.0         0         0           1           0   
...         ...     ...       ...       ...         ...         ...   
1910198   171.0    60.0         0         1           0           0   
1910199   171.0    60.0         0         1           0           0   
1910200   171.0    60.0         0         1           0           0   
1910201   171.0    60.0         0         1           0           0   
1910202   171.0    60.0         0         1           0           0   

         right_foot   age  cum_injury_total  weeks_since_last_injury  ...  \
1                 1  18.0               0.0                      0.0  ...   
2                 1  18.0               0.0                      1.0  ...   
3                 1  18.0               0.0                      2.0  ...   
4                 1  18.0               0.0                      3.0  ...   
5                 1  18.0               0.0                      4.0  ...   
...             ...   ...               ...                      ...  ...   
1910198           1  18.0               0.0                      0.0  ...   
1910199           1  18.0               0.0                      0.0  ...   
1910200           1  19.0               0.0                      0.0  ...   
1910201           1  19.0               0.0                      0.0  ...   
1910202           1  19.0               0.0                      0.0  ...   

         Bundesliga_cum  Champions Lg_cum  Europa Lg_cum  FIFA World Cup_cum  \
1                   0.0               0.0            2.0                 0.0   
2                   0.0               0.0            2.0                 0.0   
3                   0.0               0.0            2.0                 0.0   
4                   0.0               0.0            3.0                 0.0   
5                   0.0               0.0            3.0                 0.0   
...                 ...               ...            ...                 ...   
1910198             0.0               4.0            0.0                 0.0   
1910199             0.0               6.0            0.0                 0.0   
1910200             0.0               6.0            0.0                 0.0   
1910201             0.0               6.0            0.0                 0.0   
1910202             0.0               8.0            0.0                 0.0   

         UEFA Nations League_cum  UEFA Euro_cum  Copa América_cum  Away_cum  \
1                            0.0            0.0               0.0       1.0   
2                            0.0            0.0               0.0       1.0   
3                            0.0            0.0               0.0       2.0   
4                            0.0            0.0               0.0       2.0   
5                            0.0            0.0               0.0       2.0   
...                          ...            ...               ...       ...   
1910198                      8.0            0.0               0.0      34.0   
1910199                      8.0            0.0               0.0      38.0   
1910200                      8.0            0.0               0.0      38.0   
1910201                      8.0            0.0               0.0      38.0   
1910202                      8.0            0.0               0.0      40.0   

         Home_cum  Neutral_cum  
1             1.0          0.0  
2             1.0          0.0  
3             1.0          0.0  
4             2.0          0.0  
5             2.0          0.0  
...           ...          ...  
1910198      35.0          0.0  
1910199      35.0          0.0  
1910200      35.0          0.0  
1910201      37.0          0.0  
1910202      39.0          0.0  

[1202360 rows x 58 columns])
2021-12-14 20:51:20,341:INFO:Global variable: X_train updated to          Height  Weight  defender  attacker  midfielder  goalkeeper  \
1         184.0    80.0         0         0           1           0   
2         184.0    80.0         0         0           1           0   
3         184.0    80.0         0         0           1           0   
4         184.0    80.0         0         0           1           0   
5         184.0    80.0         0         0           1           0   
...         ...     ...       ...       ...         ...         ...   
1910198   171.0    60.0         0         1           0           0   
1910199   171.0    60.0         0         1           0           0   
1910200   171.0    60.0         0         1           0           0   
1910201   171.0    60.0         0         1           0           0   
1910202   171.0    60.0         0         1           0           0   

         right_foot   age  cum_injury_total  weeks_since_last_injury  ...  \
1                 1  18.0               0.0                      0.0  ...   
2                 1  18.0               0.0                      1.0  ...   
3                 1  18.0               0.0                      2.0  ...   
4                 1  18.0               0.0                      3.0  ...   
5                 1  18.0               0.0                      4.0  ...   
...             ...   ...               ...                      ...  ...   
1910198           1  18.0               0.0                      0.0  ...   
1910199           1  18.0               0.0                      0.0  ...   
1910200           1  19.0               0.0                      0.0  ...   
1910201           1  19.0               0.0                      0.0  ...   
1910202           1  19.0               0.0                      0.0  ...   

         Bundesliga_cum  Champions Lg_cum  Europa Lg_cum  FIFA World Cup_cum  \
1                   0.0               0.0            2.0                 0.0   
2                   0.0               0.0            2.0                 0.0   
3                   0.0               0.0            2.0                 0.0   
4                   0.0               0.0            3.0                 0.0   
5                   0.0               0.0            3.0                 0.0   
...                 ...               ...            ...                 ...   
1910198             0.0               4.0            0.0                 0.0   
1910199             0.0               6.0            0.0                 0.0   
1910200             0.0               6.0            0.0                 0.0   
1910201             0.0               6.0            0.0                 0.0   
1910202             0.0               8.0            0.0                 0.0   

         UEFA Nations League_cum  UEFA Euro_cum  Copa América_cum  Away_cum  \
1                            0.0            0.0               0.0       1.0   
2                            0.0            0.0               0.0       1.0   
3                            0.0            0.0               0.0       2.0   
4                            0.0            0.0               0.0       2.0   
5                            0.0            0.0               0.0       2.0   
...                          ...            ...               ...       ...   
1910198                      8.0            0.0               0.0      34.0   
1910199                      8.0            0.0               0.0      38.0   
1910200                      8.0            0.0               0.0      38.0   
1910201                      8.0            0.0               0.0      38.0   
1910202                      8.0            0.0               0.0      40.0   

         Home_cum  Neutral_cum  
1             1.0          0.0  
2             1.0          0.0  
3             1.0          0.0  
4             2.0          0.0  
5             2.0          0.0  
...           ...          ...  
1910198      35.0          0.0  
1910199      35.0          0.0  
1910200      35.0          0.0  
1910201      37.0          0.0  
1910202      39.0          0.0  

[1202360 rows x 58 columns]
2021-12-14 20:51:20,341:INFO:set_config() succesfully completed......................................
2021-12-14 20:51:20,476:INFO:Initializing set_config()
2021-12-14 20:51:20,476:INFO:set_config(variable=X_test, value=         Height  Weight  defender  attacker  midfielder  goalkeeper  \
367       184.0    80.0         0         0           1           0   
368       184.0    80.0         0         0           1           0   
369       184.0    80.0         0         0           1           0   
370       184.0    80.0         0         0           1           0   
371       184.0    80.0         0         0           1           0   
...         ...     ...       ...       ...         ...         ...   
1910039   186.0    75.0         0         1           0           0   
1910040   186.0    75.0         0         1           0           0   
1910041   186.0    75.0         0         1           0           0   
1910042   186.0    75.0         0         1           0           0   
1910043   186.0    75.0         0         1           0           0   

         right_foot   age  cum_injury_total  weeks_since_last_injury  ...  \
367               1  25.0               7.0                    120.0  ...   
368               1  25.0               7.0                    121.0  ...   
369               1  25.0               7.0                    121.0  ...   
370               1  25.0               7.0                    122.0  ...   
371               1  25.0               7.0                    123.0  ...   
...             ...   ...               ...                      ...  ...   
1910039           1  32.0              17.0                     43.0  ...   
1910040           1  32.0              17.0                     44.0  ...   
1910041           1  32.0              17.0                     45.0  ...   
1910042           1  32.0              17.0                     45.0  ...   
1910043           1  33.0              17.0                     47.0  ...   

         Bundesliga_cum  Champions Lg_cum  Europa Lg_cum  FIFA World Cup_cum  \
367                 0.0               0.0            0.0                 0.0   
368                 0.0               0.0            0.0                 0.0   
369                 0.0               0.0            0.0                 0.0   
370                 0.0               0.0            0.0                 0.0   
371                 0.0               0.0            0.0                 0.0   
...                 ...               ...            ...                 ...   
1910039             0.0               0.0            0.0                 0.0   
1910040             0.0               0.0            0.0                 0.0   
1910041             0.0               0.0            0.0                 0.0   
1910042             0.0               0.0            0.0                 0.0   
1910043             0.0               0.0            0.0                 0.0   

         UEFA Nations League_cum  UEFA Euro_cum  Copa América_cum  Away_cum  \
367                          2.0            0.0               0.0      42.0   
368                          2.0            0.0               0.0      42.0   
369                          2.0            0.0               0.0      42.0   
370                          2.0            0.0               0.0      42.0   
371                          2.0            0.0               0.0      43.0   
...                          ...            ...               ...       ...   
1910039                      0.0            0.0               0.0       3.0   
1910040                      0.0            0.0               0.0       3.0   
1910041                      0.0            0.0               0.0       3.0   
1910042                      0.0            0.0               0.0       3.0   
1910043                      0.0            0.0               0.0       3.0   

         Home_cum  Neutral_cum  
367          42.0          0.0  
368          42.0          0.0  
369          43.0          0.0  
370          44.0          0.0  
371          44.0          0.0  
...           ...          ...  
1910039       4.0          0.0  
1910040       4.0          0.0  
1910041       4.0          0.0  
1910042       5.0          0.0  
1910043       5.0          0.0  

[211790 rows x 58 columns])
2021-12-14 20:51:20,527:INFO:Global variable: X_test updated to          Height  Weight  defender  attacker  midfielder  goalkeeper  \
367       184.0    80.0         0         0           1           0   
368       184.0    80.0         0         0           1           0   
369       184.0    80.0         0         0           1           0   
370       184.0    80.0         0         0           1           0   
371       184.0    80.0         0         0           1           0   
...         ...     ...       ...       ...         ...         ...   
1910039   186.0    75.0         0         1           0           0   
1910040   186.0    75.0         0         1           0           0   
1910041   186.0    75.0         0         1           0           0   
1910042   186.0    75.0         0         1           0           0   
1910043   186.0    75.0         0         1           0           0   

         right_foot   age  cum_injury_total  weeks_since_last_injury  ...  \
367               1  25.0               7.0                    120.0  ...   
368               1  25.0               7.0                    121.0  ...   
369               1  25.0               7.0                    121.0  ...   
370               1  25.0               7.0                    122.0  ...   
371               1  25.0               7.0                    123.0  ...   
...             ...   ...               ...                      ...  ...   
1910039           1  32.0              17.0                     43.0  ...   
1910040           1  32.0              17.0                     44.0  ...   
1910041           1  32.0              17.0                     45.0  ...   
1910042           1  32.0              17.0                     45.0  ...   
1910043           1  33.0              17.0                     47.0  ...   

         Bundesliga_cum  Champions Lg_cum  Europa Lg_cum  FIFA World Cup_cum  \
367                 0.0               0.0            0.0                 0.0   
368                 0.0               0.0            0.0                 0.0   
369                 0.0               0.0            0.0                 0.0   
370                 0.0               0.0            0.0                 0.0   
371                 0.0               0.0            0.0                 0.0   
...                 ...               ...            ...                 ...   
1910039             0.0               0.0            0.0                 0.0   
1910040             0.0               0.0            0.0                 0.0   
1910041             0.0               0.0            0.0                 0.0   
1910042             0.0               0.0            0.0                 0.0   
1910043             0.0               0.0            0.0                 0.0   

         UEFA Nations League_cum  UEFA Euro_cum  Copa América_cum  Away_cum  \
367                          2.0            0.0               0.0      42.0   
368                          2.0            0.0               0.0      42.0   
369                          2.0            0.0               0.0      42.0   
370                          2.0            0.0               0.0      42.0   
371                          2.0            0.0               0.0      43.0   
...                          ...            ...               ...       ...   
1910039                      0.0            0.0               0.0       3.0   
1910040                      0.0            0.0               0.0       3.0   
1910041                      0.0            0.0               0.0       3.0   
1910042                      0.0            0.0               0.0       3.0   
1910043                      0.0            0.0               0.0       3.0   

         Home_cum  Neutral_cum  
367          42.0          0.0  
368          42.0          0.0  
369          43.0          0.0  
370          44.0          0.0  
371          44.0          0.0  
...           ...          ...  
1910039       4.0          0.0  
1910040       4.0          0.0  
1910041       4.0          0.0  
1910042       5.0          0.0  
1910043       5.0          0.0  

[211790 rows x 58 columns]
2021-12-14 20:51:20,528:INFO:set_config() succesfully completed......................................
2021-12-14 20:51:20,531:INFO:Initializing set_config()
2021-12-14 20:51:20,531:INFO:set_config(variable=y_train, value=1          0.0
2          0.0
3          0.0
4          0.0
5          0.0
          ... 
1910198    0.0
1910199    0.0
1910200    0.0
1910201    0.0
1910202    0.0
Name: injured_in_26_week, Length: 1202360, dtype: float64)
2021-12-14 20:51:20,532:INFO:Global variable: y_train updated to 1          0.0
2          0.0
3          0.0
4          0.0
5          0.0
          ... 
1910198    0.0
1910199    0.0
1910200    0.0
1910201    0.0
1910202    0.0
Name: injured_in_26_week, Length: 1202360, dtype: float64
2021-12-14 20:51:20,532:INFO:set_config() succesfully completed......................................
2021-12-14 20:51:20,534:INFO:Initializing set_config()
2021-12-14 20:51:20,534:INFO:set_config(variable=y_test, value=367        0.0
368        0.0
369        0.0
370        0.0
371        0.0
          ... 
1910039    0.0
1910040    0.0
1910041    0.0
1910042    0.0
1910043    0.0
Name: injured_in_26_week, Length: 211790, dtype: float64)
2021-12-14 20:51:20,535:INFO:Global variable: y_test updated to 367        0.0
368        0.0
369        0.0
370        0.0
371        0.0
          ... 
1910039    0.0
1910040    0.0
1910041    0.0
1910042    0.0
1910043    0.0
Name: injured_in_26_week, Length: 211790, dtype: float64
2021-12-14 20:51:20,535:INFO:set_config() succesfully completed......................................
2021-12-14 20:51:27,624:INFO:Initializing compare_models()
2021-12-14 20:51:27,625:INFO:compare_models(include=None, fold=None, round=4, cross_validation=True, sort=Accuracy, n_select=1, budget_time=None, turbo=True, errors=ignore, fit_kwargs=None, groups=None, probability_threshold=None, verbose=True, display=None, exclude=None)
2021-12-14 20:51:27,625:INFO:Checking exceptions
2021-12-14 20:51:27,647:INFO:Preparing display monitor
2021-12-14 20:51:27,648:INFO:Preparing display monitor
2021-12-14 20:51:27,781:INFO:Initializing Logistic Regression
2021-12-14 20:51:27,781:INFO:Total runtime is 1.733700434366862e-05 minutes
2021-12-14 20:51:27,798:INFO:SubProcess create_model() called ==================================
2021-12-14 20:51:27,800:INFO:Initializing create_model()
2021-12-14 20:51:27,801:INFO:create_model(estimator=lr, fold=StratifiedKFold(n_splits=10, random_state=None, shuffle=False), round=4, cross_validation=True, predict=True, fit_kwargs={}, groups=None, refit=False, verbose=False, system=False, metrics=None, add_to_model_list=True, probability_threshold=None, display=<pycaret.internal.Display.Display object at 0x7fce2f982eb0>, kwargs={})
2021-12-14 20:51:27,801:INFO:Checking exceptions
2021-12-14 20:51:27,801:INFO:Importing libraries
2021-12-14 20:51:27,801:INFO:Copying training dataset
2021-12-14 20:51:29,278:INFO:Defining folds
2021-12-14 20:51:29,279:INFO:Declaring metric variables
2021-12-14 20:51:29,300:INFO:Importing untrained model
2021-12-14 20:51:29,318:INFO:Logistic Regression Imported succesfully
2021-12-14 20:51:29,356:INFO:Starting cross validation
2021-12-14 20:51:29,361:INFO:Cross validating with StratifiedKFold(n_splits=10, random_state=None, shuffle=False), n_jobs=-1
